0 info it worked if it ends with ok
1 verbose cli [ '/usr/bin/nodejs',
1 verbose cli   '/usr/bin/npm',
1 verbose cli   'run-script',
1 verbose cli   'startDevelopment' ]
2 info using npm@4.0.5
3 info using node@v7.4.0
4 verbose run-script [ 'prestartDevelopment',
4 verbose run-script   'startDevelopment',
4 verbose run-script   'poststartDevelopment' ]
5 info lifecycle seu-traje@0.0.1~prestartDevelopment: seu-traje@0.0.1
6 silly lifecycle seu-traje@0.0.1~prestartDevelopment: no script for prestartDevelopment, continuing
7 info lifecycle seu-traje@0.0.1~startDevelopment: seu-traje@0.0.1
8 verbose lifecycle seu-traje@0.0.1~startDevelopment: unsafe-perm in lifecycle true
9 verbose lifecycle seu-traje@0.0.1~startDevelopment: PATH: /usr/lib/node_modules/npm/bin/node-gyp-bin:/home/matheus/Documents/seutraje/node_modules/.bin:/home/matheus/bin:/home/matheus/.local/bin:/usr/local/sbin:/usr/local/bin:/usr/sbin:/usr/bin:/sbin:/bin:/usr/games:/usr/local/games:/snap/bin
10 verbose lifecycle seu-traje@0.0.1~startDevelopment: CWD: /home/matheus/Documents/seutraje
11 silly lifecycle seu-traje@0.0.1~startDevelopment: Args: [ '-c', 'NODE_PATH=. NODE_CONFIG_DIR=./config nodemon bin/www' ]
12 silly lifecycle seu-traje@0.0.1~startDevelopment: Returned: code: 1  signal: null
13 info lifecycle seu-traje@0.0.1~startDevelopment: Failed to exec startDevelopment script
14 verbose stack Error: seu-traje@0.0.1 startDevelopment: `NODE_PATH=. NODE_CONFIG_DIR=./config nodemon bin/www`
14 verbose stack Exit status 1
14 verbose stack     at EventEmitter.<anonymous> (/usr/lib/node_modules/npm/lib/utils/lifecycle.js:279:16)
14 verbose stack     at emitTwo (events.js:106:13)
14 verbose stack     at EventEmitter.emit (events.js:191:7)
14 verbose stack     at ChildProcess.<anonymous> (/usr/lib/node_modules/npm/lib/utils/spawn.js:40:14)
14 verbose stack     at emitTwo (events.js:106:13)
14 verbose stack     at ChildProcess.emit (events.js:191:7)
14 verbose stack     at maybeClose (internal/child_process.js:885:16)
14 verbose stack     at Process.ChildProcess._handle.onexit (internal/child_process.js:226:5)
15 verbose pkgid seu-traje@0.0.1
16 verbose cwd /home/matheus/Documents/seutraje
17 error Linux 4.4.0-64-generic
18 error argv "/usr/bin/nodejs" "/usr/bin/npm" "run-script" "startDevelopment"
19 error node v7.4.0
20 error npm  v4.0.5
21 error code ELIFECYCLE
22 error seu-traje@0.0.1 startDevelopment: `NODE_PATH=. NODE_CONFIG_DIR=./config nodemon bin/www`
22 error Exit status 1
23 error Failed at the seu-traje@0.0.1 startDevelopment script 'NODE_PATH=. NODE_CONFIG_DIR=./config nodemon bin/www'.
23 error Make sure you have the latest version of node.js and npm installed.
23 error If you do, this is most likely a problem with the seu-traje package,
23 error not with npm itself.
23 error Tell the author that this fails on your system:
23 error     NODE_PATH=. NODE_CONFIG_DIR=./config nodemon bin/www
23 error You can get information on how to open an issue for this project with:
23 error     npm bugs seu-traje
23 error Or if that isn't available, you can get their info via:
23 error     npm owner ls seu-traje
23 error There is likely additional logging output above.
24 verbose exit [ 1, true ]
